C:\USERS\KIMIKO\DOCUMENTS\VISUAL STUDIO 2012\PROJECTS\UNIPROJECT\RELEASE\TEXTURE.OBJ
C:\USERS\KIMIKO\DOCUMENTS\VISUAL STUDIO 2012\PROJECTS\UNIPROJECT\RELEASE\STAIR.OBJ
C:\USERS\KIMIKO\DOCUMENTS\VISUAL STUDIO 2012\PROJECTS\UNIPROJECT\RELEASE\SQUARE.OBJ
C:\USERS\KIMIKO\DOCUMENTS\VISUAL STUDIO 2012\PROJECTS\UNIPROJECT\RELEASE\SPHERE.OBJ
C:\USERS\KIMIKO\DOCUMENTS\VISUAL STUDIO 2012\PROJECTS\UNIPROJECT\RELEASE\POLYGONQ.OBJ
C:\USERS\KIMIKO\DOCUMENTS\VISUAL STUDIO 2012\PROJECTS\UNIPROJECT\RELEASE\MAIN.OBJ
C:\USERS\KIMIKO\DOCUMENTS\VISUAL STUDIO 2012\PROJECTS\UNIPROJECT\RELEASE\GROUND.OBJ
C:\USERS\KIMIKO\DOCUMENTS\VISUAL STUDIO 2012\PROJECTS\UNIPROJECT\RELEASE\GOTHICARCH.OBJ
C:\USERS\KIMIKO\DOCUMENTS\VISUAL STUDIO 2012\PROJECTS\UNIPROJECT\RELEASE\GATE.OBJ
C:\USERS\KIMIKO\DOCUMENTS\VISUAL STUDIO 2012\PROJECTS\UNIPROJECT\RELEASE\CYLINDER.OBJ
C:\USERS\KIMIKO\DOCUMENTS\VISUAL STUDIO 2012\PROJECTS\UNIPROJECT\RELEASE\CUBE.OBJ
C:\USERS\KIMIKO\DOCUMENTS\VISUAL STUDIO 2012\PROJECTS\UNIPROJECT\RELEASE\CAMERA.OBJ
C:\USERS\KIMIKO\DOCUMENTS\VISUAL STUDIO 2012\PROJECTS\UNIPROJECT\RELEASE\VC110.PDB
C:\USERS\KIMIKO\DOCUMENTS\VISUAL STUDIO 2012\PROJECTS\UNIPROJECT\RELEASE\UNIPROJECT.EXE
C:\USERS\KIMIKO\DOCUMENTS\VISUAL STUDIO 2012\PROJECTS\UNIPROJECT\RELEASE\UNIPROJECT.PDB
C:\Users\Kimiko\documents\visual studio 2012\Projects\uniProject\Release\camera.obj
C:\Users\Kimiko\documents\visual studio 2012\Projects\uniProject\Release\cube.obj
C:\Users\Kimiko\documents\visual studio 2012\Projects\uniProject\Release\Cylinder.obj
C:\Users\Kimiko\documents\visual studio 2012\Projects\uniProject\Release\gate.obj
C:\Users\Kimiko\documents\visual studio 2012\Projects\uniProject\Release\GothicArch.obj
C:\Users\Kimiko\documents\visual studio 2012\Projects\uniProject\Release\Ground.obj
C:\Users\Kimiko\documents\visual studio 2012\Projects\uniProject\Release\main.obj
C:\Users\Kimiko\documents\visual studio 2012\Projects\uniProject\Release\PolygonQ.obj
C:\Users\Kimiko\documents\visual studio 2012\Projects\uniProject\Release\Sphere.obj
C:\Users\Kimiko\documents\visual studio 2012\Projects\uniProject\Release\Square.obj
C:\Users\Kimiko\documents\visual studio 2012\Projects\uniProject\Release\Stair.obj
C:\Users\Kimiko\documents\visual studio 2012\Projects\uniProject\Release\Texture.obj
C:\Users\Kimiko\documents\visual studio 2012\Projects\uniProject\Release\cl.command.1.tlog
C:\Users\Kimiko\documents\visual studio 2012\Projects\uniProject\Release\CL.read.1.tlog
C:\Users\Kimiko\documents\visual studio 2012\Projects\uniProject\Release\CL.write.1.tlog
C:\Users\Kimiko\documents\visual studio 2012\Projects\uniProject\Release\link-cvtres.read.1.tlog
C:\Users\Kimiko\documents\visual studio 2012\Projects\uniProject\Release\link-cvtres.write.1.tlog
C:\Users\Kimiko\documents\visual studio 2012\Projects\uniProject\Release\link-rc.read.1.tlog
C:\Users\Kimiko\documents\visual studio 2012\Projects\uniProject\Release\link-rc.write.1.tlog
C:\Users\Kimiko\documents\visual studio 2012\Projects\uniProject\Release\link.command.1.tlog
C:\Users\Kimiko\documents\visual studio 2012\Projects\uniProject\Release\link.read.1.tlog
C:\Users\Kimiko\documents\visual studio 2012\Projects\uniProject\Release\link.write.1.tlog
C:\Users\Kimiko\documents\visual studio 2012\Projects\uniProject\Release\uniProject.pdb
C:\Users\Kimiko\documents\visual studio 2012\Projects\uniProject\Release\vc110.pdb
C:\Users\Kimiko\documents\visual studio 2012\Projects\uniProject\Release\uniProject.exe
